<?xml version="1.0" encoding="UTF-8"?>
<!-- Generated by org.testng.reporters.JUnitXMLReporter -->
<testsuite ignored="0" hostname="DESKTOP-GURKCGD" failures="0" tests="6" name="Default test" time="10.236" errors="0" timestamp="07 Oct 2024 08:01:24 GMT">
  <testcase classname="com.nopcommerce.account.Account_01_Register" name="Register_01_Empty" time="2.15"/>
  <testcase classname="com.nopcommerce.account.Account_01_Register" name="Register_02_Invalid_Email" time="0.887"/>
  <testcase classname="com.nopcommerce.account.Account_01_Register" name="Register_03_Successful" time="0.932"/>
  <testcase classname="com.nopcommerce.account.Account_01_Register" name="Register_04_Existing_Email" time="0.704"/>
  <testcase classname="com.nopcommerce.account.Account_01_Register" name="Register_05_Password_Less_Than_6_Characters" time="0.715"/>
  <testcase classname="com.nopcommerce.account.Account_01_Register" name="Register_06_Not_Matching_Password" time="1.336"/>
</testsuite> <!-- Default test -->
