<?xml version="1.0" encoding="UTF-8"?>
<!-- Generated by org.testng.reporters.JUnitXMLReporter -->
<testsuite ignored="0" hostname="DESKTOP-GURKCGD" failures="0" tests="6" name="Default test" time="12.162" errors="0" timestamp="14 Oct 2024 05:14:54 GMT">
  <testcase classname="com.nopcommerce.account.Account_01_Register" name="Register_01_Empty" time="0.743"/>
  <testcase classname="com.nopcommerce.account.Account_01_Register" name="Register_02_Invalid_Email" time="1.441"/>
  <testcase classname="com.nopcommerce.account.Account_01_Register" name="Register_03_Successful" time="1.864"/>
  <testcase classname="com.nopcommerce.account.Account_01_Register" name="Register_04_Existing_Email" time="1.126"/>
  <testcase classname="com.nopcommerce.account.Account_01_Register" name="Register_05_Password_Less_Than_6_Characters" time="1.393"/>
  <testcase classname="com.nopcommerce.account.Account_01_Register" name="Register_06_Not_Matching_Password" time="1.423"/>
</testsuite> <!-- Default test -->
