<?xml version="1.0" encoding="UTF-8"?>
<!-- Generated by org.testng.reporters.JUnitXMLReporter -->
<testsuite ignored="0" hostname="DESKTOP-GURKCGD" failures="0" tests="3" name="Run on Firefox" time="4.694" errors="0" timestamp="05 Nov 2024 09:57:56 GMT">
  <testcase classname="com.nopcommerce.account.Account_03_My_Account" name="My_Account_01_Update_CustomerInfo" time="0.955"/>
  <testcase classname="com.nopcommerce.account.Account_03_My_Account" name="My_Account_03_Change_Password" time="0.0"/>
  <testcase classname="com.nopcommerce.account.Account_03_My_Account" name="My_Account_04_Add_Review_Product" time="0.0"/>
</testsuite> <!-- Run on Firefox -->
