<?xml version="1.0" encoding="UTF-8"?>
<!-- Generated by org.testng.reporters.JUnitXMLReporter -->
<testsuite ignored="0" hostname="DESKTOP-GURKCGD" failures="0" tests="3" name="Run on Firefox" time="23.036" errors="0" timestamp="15 Nov 2024 02:41:32 GMT">
  <testcase classname="com.nopcommerce.view.View_02_Sort_Display_Paging" name="Display_05_3_Products_Per_Page" time="19.416"/>
  <testcase classname="com.nopcommerce.view.View_02_Sort_Display_Paging" name="Display_06_6_Products_Per_Page" time="0.001"/>
  <testcase classname="com.nopcommerce.view.View_02_Sort_Display_Paging" name="Display_07_9_Products_Per_Page" time="0.001"/>
</testsuite> <!-- Run on Firefox -->
