<?xml version="1.0" encoding="UTF-8"?>
<testng-results ignored="0" total="1" passed="1" failed="0" skipped="0">
  <reporter-output>
  </reporter-output>
  <suite started-at="2024-11-24T14:41:16Z" name="Suite" finished-at="2024-11-24T14:43:59Z" duration-ms="163199">
    <groups>
    </groups>
    <test started-at="2024-11-24T14:41:16Z" name="Run on Chrome" finished-at="2024-11-24T14:43:59Z" duration-ms="163199">
      <class name="com.nopcommerce.view.View_02_Sort_Display_Paging">
        <test-method is-config="true" signature="beforeClass(java.lang.String)[pri:0, instance:com.nopcommerce.view.View_02_Sort_Display_Paging@1fe20588]" started-at="2024-11-24T14:41:16Z" name="beforeClass" finished-at="2024-11-24T14:41:18Z" duration-ms="2537" status="PASS">
          <params>
            <param index="0">
              <value>
                <![CDATA[chrome]]>
              </value>
            </param>
          </params>
          <reporter-output>
          </reporter-output>
        </test-method> <!-- beforeClass -->
        <test-method signature="Sort_05_Created_On()[pri:0, instance:com.nopcommerce.view.View_02_Sort_Display_Paging@1fe20588]" started-at="2024-11-24T14:41:18Z" name="Sort_05_Created_On" finished-at="2024-11-24T14:43:59Z" duration-ms="160654" status="PASS">
          <reporter-output>
          </reporter-output>
        </test-method> <!-- Sort_05_Created_On -->
        <test-method is-config="true" signature="afterClass()[pri:0, instance:com.nopcommerce.view.View_02_Sort_Display_Paging@1fe20588]" started-at="2024-11-24T14:43:59Z" name="afterClass" finished-at="2024-11-24T14:43:59Z" duration-ms="0" status="PASS">
          <reporter-output>
          </reporter-output>
        </test-method> <!-- afterClass -->
      </class> <!-- com.nopcommerce.view.View_02_Sort_Display_Paging -->
    </test> <!-- Run on Chrome -->
  </suite> <!-- Suite -->
</testng-results>
